<?xml version="1.0" encoding="UTF-8"?>
<!-- Generated by org.testng.reporters.JUnitReportReporter -->
<testsuite hostname="HP-PC" failures="0" tests="1" name="DataDrivenTestingDemo1" time="34.815" errors="0" timestamp="2020-11-08T20:51:38 CET" skipped="0">
  <testcase classname="DataDrivenTestingDemo1" name="DataDriven" time="34.815"/>
  <system-out/>
</testsuite> <!-- DataDrivenTestingDemo1 -->
